<?xml version="1.0" encoding="UTF-8"?>
<testng-results ignored="0" total="1" passed="1" failed="0" skipped="0">
  <reporter-output>
  </reporter-output>
  <suite started-at="2021-08-18T00:23:00 IST" name="Default suite" finished-at="2021-08-18T00:24:59 IST" duration-ms="118566">
    <groups>
    </groups>
    <test started-at="2021-08-18T00:23:00 IST" name="Default test" finished-at="2021-08-18T00:24:59 IST" duration-ms="118566">
      <class name="unDosTresTestScripts.UnDosTres_Recharge_Verification">
        <test-method is-config="true" signature="methodPath()[pri:0, instance:unDosTresTestScripts.UnDosTres_Recharge_Verification@44ebcd03]" started-at="2021-08-18T00:23:00 IST" name="methodPath" finished-at="2021-08-18T00:23:00 IST" duration-ms="79" status="PASS">
          <reporter-output>
          </reporter-output>
        </test-method> <!-- methodPath -->
        <test-method is-config="true" signature="setWebDriverInitialization()[pri:0, instance:unDosTresTestScripts.UnDosTres_Recharge_Verification@44ebcd03]" started-at="2021-08-18T00:23:00 IST" name="setWebDriverInitialization" finished-at="2021-08-18T00:23:10 IST" duration-ms="9954" status="PASS">
          <reporter-output>
          </reporter-output>
        </test-method> <!-- setWebDriverInitialization -->
        <test-method signature="run_UnDosTres_Recharge_Verification()[pri:0, instance:unDosTresTestScripts.UnDosTres_Recharge_Verification@44ebcd03]" started-at="2021-08-18T00:23:10 IST" name="run_UnDosTres_Recharge_Verification" finished-at="2021-08-18T00:24:53 IST" duration-ms="102786" status="PASS">
          <reporter-output>
          </reporter-output>
        </test-method> <!-- run_UnDosTres_Recharge_Verification -->
        <test-method is-config="true" signature="endReport()[pri:0, instance:unDosTresTestScripts.UnDosTres_Recharge_Verification@44ebcd03]" started-at="2021-08-18T00:24:53 IST" name="endReport" finished-at="2021-08-18T00:24:59 IST" duration-ms="5687" status="PASS">
          <reporter-output>
          </reporter-output>
        </test-method> <!-- endReport -->
      </class> <!-- unDosTresTestScripts.UnDosTres_Recharge_Verification -->
    </test> <!-- Default test -->
  </suite> <!-- Default suite -->
</testng-results>
